<?xml version="1.0" encoding="UTF-8"?>
<coverage generated="1777945335925" clover="3.2.0">
  <project timestamp="1777945335925" name="All files">
    <metrics statements="21" coveredstatements="21" conditionals="7" coveredconditionals="7" methods="4" coveredmethods="4" elements="32" coveredelements="32" complexity="0" loc="21" ncloc="21" packages="1" files="1" classes="1"/>
    <file name="app.js" path="C:\Users\wanes\api-filmes\app.js">
      <metrics statements="21" coveredstatements="21" conditionals="7" coveredconditionals="7" methods="4" coveredmethods="4"/>
      <line num="1" count="1" type="stmt"/>
      <line num="2" count="1" type="stmt"/>
      <line num="3" count="1" type="stmt"/>
      <line num="5" count="1" type="stmt"/>
      <line num="11" count="1" type="stmt"/>
      <line num="12" count="1" type="stmt"/>
      <line num="16" count="1" type="stmt"/>
      <line num="17" count="2" type="stmt"/>
      <line num="19" count="2" type="cond" truecount="5" falsecount="0"/>
      <line num="20" count="1" type="stmt"/>
      <line num="23" count="1" type="stmt"/>
      <line num="24" count="1" type="stmt"/>
      <line num="25" count="1" type="stmt"/>
      <line num="29" count="1" type="stmt"/>
      <line num="30" count="2" type="stmt"/>
      <line num="31" count="3" type="stmt"/>
      <line num="33" count="2" type="cond" truecount="2" falsecount="0"/>
      <line num="34" count="1" type="stmt"/>
      <line num="37" count="1" type="stmt"/>
      <line num="38" count="1" type="stmt"/>
      <line num="41" count="1" type="stmt"/>
    </file>
  </project>
</coverage>
